<?xml version="1.0" encoding="UTF-8"?>
<!-- Generated by org.testng.reporters.JUnitReportReporter -->
<testsuite hostname="Swetha-Laptop" failures="0" tests="1" name="script.Test1" time="6.914" errors="0" timestamp="07 Mar 2022 02:37:11 GMT" skipped="0">
  <testcase classname="script.Test1" name="testA" time="6.914"/>
</testsuite> <!-- script.Test1 -->
