<?xml version="1.0" encoding="UTF-8"?>
<!-- Generated by org.testng.reporters.JUnitReportReporter -->
<testsuite hostname="Swetha-Laptop" failures="0" tests="1" name="script_Mar2.Test1" time="7.745" errors="0" timestamp="04 Mar 2022 02:39:59 GMT" skipped="0">
  <testcase classname="script_Mar2.Test1" name="testA" time="7.745"/>
</testsuite> <!-- script_Mar2.Test1 -->
